#
# A fatal error has been detected by the Java Runtime Environment:
#
#  Internal Error (javaClasses.cpp:139), pid=6439, tid=139939678852864
#  fatal error: Invalid layout of preloaded class
#
# JRE version:  (7.0_65-b32) (build )
# Java VM: OpenJDK 64-Bit Server VM (24.65-b04 mixed mode linux-amd64 compressed oops)
# Derivative: IcedTea 2.5.3
# Distribution: Ubuntu 14.04 LTS, package 7u71-2.5.3-0ubuntu0.14.04.1
# Failed to write core dump. Core dumps have been disabled. To enable core dumping, try "ulimit -c unlimited" before starting Java again
#
# If you would like to submit a bug report, please include
# instructions on how to reproduce the bug and visit:
#   http://icedtea.classpath.org/bugzilla
#

---------------  T H R E A D  ---------------

Current thread (0x00007f463800a000):  JavaThread "Unknown thread" [_thread_in_vm, id=6445, stack(0x00007f463ec91000,0x00007f463ed92000)]

Stack: [0x00007f463ec91000,0x00007f463ed92000],  sp=0x00007f463ed90900,  free space=1022k
Native frames: (J=compiled Java code, j=interpreted, Vv=VM code, C=native code)
V  [libjvm.so+0x948b05]  VMError::report_and_die()+0x175
V  [libjvm.so+0x48bba4]  report_fatal(char const*, int, char const*)+0x54
V  [libjvm.so+0x5e8ce0]  compute_offset(int&, klassOopDesc*, Symbol*, Symbol*, bool) [clone .constprop.120]+0xc0
V  [libjvm.so+0x5e8db6]  java_lang_String::compute_offsets()+0x36
V  [libjvm.so+0x8ce6ec]  SystemDictionary::initialize_preloaded_classes(Thread*)+0xcc
V  [libjvm.so+0x919fd8]  Universe::genesis(Thread*)+0x468
V  [libjvm.so+0x91a5e4]  universe2_init()+0x24
V  [libjvm.so+0x59d29a]  init_globals()+0x9a
V  [libjvm.so+0x8fd3bf]  Threads::create_vm(JavaVMInitArgs*, bool*)+0x35f
V  [libjvm.so+0x6085d4]  JNI_CreateJavaVM+0x54
C  [libjli.so+0x2b48]


---------------  P R O C E S S  ---------------

Java Threads: ( => current thread )

Other Threads:

=>0x00007f463800a000 (exited) JavaThread "Unknown thread" [_thread_in_vm, id=6445, stack(0x00007f463ec91000,0x00007f463ed92000)]

VM state:not at safepoint (not fully initialized)

VM Mutex/Monitor currently owned by a thread: None

GC Heap History (0 events):
No events

Deoptimization events (0 events):
No events

Internal exceptions (0 events):
No events

Events (10 events):
Event: 0.005 loading class 0x00007f463c0256f0 done
Event: 0.005 loading class 0x00007f463c025110 done
Event: 0.005 loading class 0x00007f463c0250f0
Event: 0.005 loading class 0x00007f463c02d1c0
Event: 0.005 loading class 0x00007f463c02d1c0 done
Event: 0.005 loading class 0x00007f463c02d1f0
Event: 0.005 loading class 0x00007f463c02d1f0 done
Event: 0.005 loading class 0x00007f463c02d220
Event: 0.005 loading class 0x00007f463c02d220 done
Event: 0.005 loading class 0x00007f463c0250f0 done


Dynamic libraries:
00400000-00401000 r-xp 00000000 07:00 557255                             /usr/lib/jvm/java-7-openjdk-amd64/jre/bin/java
00600000-00601000 r--p 00000000 07:00 557255                             /usr/lib/jvm/java-7-openjdk-amd64/jre/bin/java
00601000-00602000 rw-p 00001000 07:00 557255                             /usr/lib/jvm/java-7-openjdk-amd64/jre/bin/java
00e80000-00ea1000 rw-p 00000000 00:00 0                                  [heap]
a0a00000-a1f00000 rw-p 00000000 00:00 0 
a1f00000-ab000000 rw-p 00000000 00:00 0 
ab000000-ae880000 rw-p 00000000 00:00 0 
ae880000-e3a80000 rw-p 00000000 00:00 0 
e3a80000-e5700000 rw-p 00000000 00:00 0 
e5700000-100000000 rw-p 00000000 00:00 0 
7f4618000000-7f4618021000 rw-p 00000000 00:00 0 
7f4618021000-7f461c000000 ---p 00000000 00:00 0 
7f4620000000-7f4620021000 rw-p 00000000 00:00 0 
7f4620021000-7f4624000000 ---p 00000000 00:00 0 
7f4624000000-7f4624021000 rw-p 00000000 00:00 0 
7f4624021000-7f4628000000 ---p 00000000 00:00 0 
7f462c000000-7f462c021000 rw-p 00000000 00:00 0 
7f462c021000-7f4630000000 ---p 00000000 00:00 0 
7f4630883000-7f4630ae8000 rw-p 00000000 00:00 0 
7f4630ae8000-7f4630bde000 r--s 017aa000 07:00 1782786                    /home/bx/android-sdk-linux/platforms/android-21/android.jar
7f4630bde000-7f4633eff000 rw-p 00000000 00:00 0 
7f4633eff000-7f4633f00000 ---p 00000000 00:00 0 
7f4633f00000-7f4634000000 rw-p 00000000 00:00 0                          [stack:6449]
7f4634000000-7f4634001000 ---p 00000000 00:00 0 
7f4634001000-7f4634101000 rw-p 00000000 00:00 0                          [stack:6448]
7f4634101000-7f4634102000 ---p 00000000 00:00 0 
7f4634102000-7f4634202000 rw-p 00000000 00:00 0                          [stack:6447]
7f4634202000-7f4634203000 ---p 00000000 00:00 0 
7f4634203000-7f4634320000 rw-p 00000000 00:00 0                          [stack:6446]
7f4634320000-7f46344c9000 rw-p 00000000 00:00 0 
7f46344c9000-7f46344d4000 rw-p 00000000 00:00 0 
7f46344d4000-7f463451c000 rw-p 00000000 00:00 0 
7f463451c000-7f4634539000 rw-p 00000000 00:00 0 
7f4634539000-7f46346e1000 rw-p 00000000 00:00 0 
7f46346e1000-7f46346f0000 rw-p 00000000 00:00 0 
7f46346f0000-7f46347c4000 rw-p 00000000 00:00 0 
7f46347c4000-7f46347c5000 rw-p 00000000 00:00 0 
7f46347c5000-7f4634a35000 rwxp 00000000 00:00 0 
7f4634a35000-7f46377c5000 rw-p 00000000 00:00 0 
7f46377c5000-7f46377cd000 r-xp 00000000 07:00 557127                     /usr/lib/jvm/java-7-openjdk-amd64/jre/lib/amd64/libzip.so
7f46377cd000-7f46379cc000 ---p 00008000 07:00 557127                     /usr/lib/jvm/java-7-openjdk-amd64/jre/lib/amd64/libzip.so
7f46379cc000-7f46379cd000 r--p 00007000 07:00 557127                     /usr/lib/jvm/java-7-openjdk-amd64/jre/lib/amd64/libzip.so
7f46379cd000-7f46379ce000 rw-p 00008000 07:00 557127                     /usr/lib/jvm/java-7-openjdk-amd64/jre/lib/amd64/libzip.so
7f46379ce000-7f46379d9000 r-xp 00000000 07:00 205964                     /lib/x86_64-linux-gnu/libnss_files-2.19.so
7f46379d9000-7f4637bd8000 ---p 0000b000 07:00 205964                     /lib/x86_64-linux-gnu/libnss_files-2.19.so
7f4637bd8000-7f4637bd9000 r--p 0000a000 07:00 205964                     /lib/x86_64-linux-gnu/libnss_files-2.19.so
7f4637bd9000-7f4637bda000 rw-p 0000b000 07:00 205964                     /lib/x86_64-linux-gnu/libnss_files-2.19.so
7f4637bda000-7f4637be5000 r-xp 00000000 07:00 205982                     /lib/x86_64-linux-gnu/libnss_nis-2.19.so
7f4637be5000-7f4637de4000 ---p 0000b000 07:00 205982                     /lib/x86_64-linux-gnu/libnss_nis-2.19.so
7f4637de4000-7f4637de5000 r--p 0000a000 07:00 205982                     /lib/x86_64-linux-gnu/libnss_nis-2.19.so
7f4637de5000-7f4637de6000 rw-p 0000b000 07:00 205982                     /lib/x86_64-linux-gnu/libnss_nis-2.19.so
7f4637de6000-7f4637dfd000 r-xp 00000000 07:00 205926                     /lib/x86_64-linux-gnu/libnsl-2.19.so
7f4637dfd000-7f4637ffc000 ---p 00017000 07:00 205926                     /lib/x86_64-linux-gnu/libnsl-2.19.so
7f4637ffc000-7f4637ffd000 r--p 00016000 07:00 205926                     /lib/x86_64-linux-gnu/libnsl-2.19.so
7f4637ffd000-7f4637ffe000 rw-p 00017000 07:00 205926                     /lib/x86_64-linux-gnu/libnsl-2.19.so
7f4637ffe000-7f4638000000 rw-p 00000000 00:00 0 
7f4638000000-7f4638057000 rw-p 00000000 00:00 0 
7f4638057000-7f463c000000 ---p 00000000 00:00 0 
7f463c025000-7f463c0d1000 rw-p 00000000 00:00 0 
7f463c0d1000-7f463c119000 rw-p 00000000 00:00 0 
7f463c119000-7f463c122000 r-xp 00000000 07:00 205976                     /lib/x86_64-linux-gnu/libnss_compat-2.19.so
7f463c122000-7f463c321000 ---p 00009000 07:00 205976                     /lib/x86_64-linux-gnu/libnss_compat-2.19.so
7f463c321000-7f463c322000 r--p 00008000 07:00 205976                     /lib/x86_64-linux-gnu/libnss_compat-2.19.so
7f463c322000-7f463c323000 rw-p 00009000 07:00 205976                     /lib/x86_64-linux-gnu/libnss_compat-2.19.so
7f463c323000-7f463c34e000 r-xp 00000000 07:00 557166                     /usr/lib/jvm/java-7-openjdk-amd64/jre/lib/amd64/libjava.so
7f463c34e000-7f463c54d000 ---p 0002b000 07:00 557166                     /usr/lib/jvm/java-7-openjdk-amd64/jre/lib/amd64/libjava.so
7f463c54d000-7f463c54e000 r--p 0002a000 07:00 557166                     /usr/lib/jvm/java-7-openjdk-amd64/jre/lib/amd64/libjava.so
7f463c54e000-7f463c550000 rw-p 0002b000 07:00 557166                     /usr/lib/jvm/java-7-openjdk-amd64/jre/lib/amd64/libjava.so
7f463c550000-7f463c560000 r-xp 00000000 07:00 557181                     /usr/lib/jvm/java-7-openjdk-amd64/jre/lib/amd64/libverify.so
7f463c560000-7f463c75f000 ---p 00010000 07:00 557181                     /usr/lib/jvm/java-7-openjdk-amd64/jre/lib/amd64/libverify.so
7f463c75f000-7f463c761000 r--p 0000f000 07:00 557181                     /usr/lib/jvm/java-7-openjdk-amd64/jre/lib/amd64/libverify.so
7f463c761000-7f463c762000 rw-p 00011000 07:00 557181                     /usr/lib/jvm/java-7-openjdk-amd64/jre/lib/amd64/libverify.so
7f463c762000-7f463c769000 r-xp 00000000 07:00 205991                     /lib/x86_64-linux-gnu/librt-2.19.so
7f463c769000-7f463c968000 ---p 00007000 07:00 205991                     /lib/x86_64-linux-gnu/librt-2.19.so
7f463c968000-7f463c969000 r--p 00006000 07:00 205991                     /lib/x86_64-linux-gnu/librt-2.19.so
7f463c969000-7f463c96a000 rw-p 00007000 07:00 205991                     /lib/x86_64-linux-gnu/librt-2.19.so
7f463c96a000-7f463c980000 r-xp 00000000 07:00 2144301                    /lib/x86_64-linux-gnu/libgcc_s.so.1
7f463c980000-7f463cb7f000 ---p 00016000 07:00 2144301                    /lib/x86_64-linux-gnu/libgcc_s.so.1
7f463cb7f000-7f463cb80000 rw-p 00015000 07:00 2144301                    /lib/x86_64-linux-gnu/libgcc_s.so.1
7f463cb80000-7f463cc85000 r-xp 00000000 07:00 205923                     /lib/x86_64-linux-gnu/libm-2.19.so
7f463cc85000-7f463ce84000 ---p 00105000 07:00 205923                     /lib/x86_64-linux-gnu/libm-2.19.so
7f463ce84000-7f463ce85000 r--p 00104000 07:00 205923                     /lib/x86_64-linux-gnu/libm-2.19.so
7f463ce85000-7f463ce86000 rw-p 00105000 07:00 205923                     /lib/x86_64-linux-gnu/libm-2.19.so
7f463ce86000-7f463cf6c000 r-xp 00000000 07:00 197133                     /usr/lib/x86_64-linux-gnu/libstdc++.so.6.0.19
7f463cf6c000-7f463d16b000 ---p 000e6000 07:00 197133                     /usr/lib/x86_64-linux-gnu/libstdc++.so.6.0.19
7f463d16b000-7f463d173000 r--p 000e5000 07:00 197133                     /usr/lib/x86_64-linux-gnu/libstdc++.so.6.0.19
7f463d173000-7f463d175000 rw-p 000ed000 07:00 197133                     /usr/lib/x86_64-linux-gnu/libstdc++.so.6.0.19
7f463d175000-7f463d18a000 rw-p 00000000 00:00 0 
7f463d18a000-7f463dca0000 r-xp 00000000 07:00 557188                     /usr/lib/jvm/java-7-openjdk-amd64/jre/lib/amd64/server/libjvm.so
7f463dca0000-7f463de9f000 ---p 00b16000 07:00 557188                     /usr/lib/jvm/java-7-openjdk-amd64/jre/lib/amd64/server/libjvm.so
7f463de9f000-7f463df39000 r--p 00b15000 07:00 557188                     /usr/lib/jvm/java-7-openjdk-amd64/jre/lib/amd64/server/libjvm.so
7f463df39000-7f463df5c000 rw-p 00baf000 07:00 557188                     /usr/lib/jvm/java-7-openjdk-amd64/jre/lib/amd64/server/libjvm.so
7f463df5c000-7f463df8a000 rw-p 00000000 00:00 0 
7f463df8a000-7f463dfa2000 r-xp 00000000 07:00 2144299                    /lib/x86_64-linux-gnu/libz.so.1.2.8
7f463dfa2000-7f463e1a1000 ---p 00018000 07:00 2144299                    /lib/x86_64-linux-gnu/libz.so.1.2.8
7f463e1a1000-7f463e1a2000 r--p 00017000 07:00 2144299                    /lib/x86_64-linux-gnu/libz.so.1.2.8
7f463e1a2000-7f463e1a3000 rw-p 00018000 07:00 2144299                    /lib/x86_64-linux-gnu/libz.so.1.2.8
7f463e1a3000-7f463e1bc000 r-xp 00000000 07:00 205955                     /lib/x86_64-linux-gnu/libpthread-2.19.so
7f463e1bc000-7f463e3bb000 ---p 00019000 07:00 205955                     /lib/x86_64-linux-gnu/libpthread-2.19.so
7f463e3bb000-7f463e3bc000 r--p 00018000 07:00 205955                     /lib/x86_64-linux-gnu/libpthread-2.19.so
7f463e3bc000-7f463e3bd000 rw-p 00019000 07:00 205955                     /lib/x86_64-linux-gnu/libpthread-2.19.so
7f463e3bd000-7f463e3c1000 rw-p 00000000 00:00 0 
7f463e3c1000-7f463e3c4000 r-xp 00000000 07:00 205969                     /lib/x86_64-linux-gnu/libdl-2.19.so
7f463e3c4000-7f463e5c3000 ---p 00003000 07:00 205969                     /lib/x86_64-linux-gnu/libdl-2.19.so
7f463e5c3000-7f463e5c4000 r--p 00002000 07:00 205969                     /lib/x86_64-linux-gnu/libdl-2.19.so
7f463e5c4000-7f463e5c5000 rw-p 00003000 07:00 205969                     /lib/x86_64-linux-gnu/libdl-2.19.so
7f463e5c5000-7f463e780000 r-xp 00000000 07:00 205983                     /lib/x86_64-linux-gnu/libc-2.19.so
7f463e780000-7f463e980000 ---p 001bb000 07:00 205983                     /lib/x86_64-linux-gnu/libc-2.19.so
7f463e980000-7f463e984000 r--p 001bb000 07:00 205983                     /lib/x86_64-linux-gnu/libc-2.19.so
7f463e984000-7f463e986000 rw-p 001bf000 07:00 205983                     /lib/x86_64-linux-gnu/libc-2.19.so
7f463e986000-7f463e98b000 rw-p 00000000 00:00 0 
7f463e98b000-7f463e998000 r-xp 00000000 07:00 557163                     /usr/lib/jvm/java-7-openjdk-amd64/jre/lib/amd64/jli/libjli.so
7f463e998000-7f463eb97000 ---p 0000d000 07:00 557163                     /usr/lib/jvm/java-7-openjdk-amd64/jre/lib/amd64/jli/libjli.so
7f463eb97000-7f463eb98000 r--p 0000c000 07:00 557163                     /usr/lib/jvm/java-7-openjdk-amd64/jre/lib/amd64/jli/libjli.so
7f463eb98000-7f463eb99000 rw-p 0000d000 07:00 557163                     /usr/lib/jvm/java-7-openjdk-amd64/jre/lib/amd64/jli/libjli.so
7f463eb99000-7f463ebbc000 r-xp 00000000 07:00 205977                     /lib/x86_64-linux-gnu/ld-2.19.so
7f463ebd1000-7f463ebdb000 rw-p 00000000 00:00 0 
7f463ebdb000-7f463ec91000 rw-p 00000000 00:00 0 
7f463ec91000-7f463ec94000 ---p 00000000 00:00 0 
7f463ec94000-7f463ed97000 rw-p 00000000 00:00 0                          [stack:6445]
7f463edad000-7f463edaf000 rw-p 00000000 00:00 0 
7f463edaf000-7f463edb7000 rw-s 00000000 07:00 175145                     /tmp/hsperfdata_bx/6439
7f463edb7000-7f463edb8000 rw-p 00000000 00:00 0 
7f463edb8000-7f463edb9000 r--p 00000000 00:00 0 
7f463edb9000-7f463edbb000 rw-p 00000000 00:00 0 
7f463edbb000-7f463edbc000 r--p 00022000 07:00 205977                     /lib/x86_64-linux-gnu/ld-2.19.so
7f463edbc000-7f463edbd000 rw-p 00023000 07:00 205977                     /lib/x86_64-linux-gnu/ld-2.19.so
7f463edbd000-7f463edbe000 rw-p 00000000 00:00 0 
7fffb0fa8000-7fffb0fc9000 rw-p 00000000 00:00 0                          [stack]
7fffb0ffe000-7fffb1000000 r-xp 00000000 00:00 0                          [vdso]
ffffffffff600000-ffffffffff601000 r-xp 00000000 00:00 0                  [vsyscall]

VM Arguments:
jvm_args: -Dfile.encoding=UTF-8 -Xbootclasspath:/home/bx/android-sdk-linux/platforms/android-21/android.jar:/home/bx/android-sdk-linux/add-ons/addon-google_apis-google-21/libs/effects.jar:/home/bx/android-sdk-linux/add-ons/addon-google_apis-google-21/libs/usb.jar:/home/bx/android-sdk-linux/add-ons/addon-google_apis-google-21/libs/maps.jar 
java_command: edu.nd.darts.cimon.database.DataCommunicator
Launcher Type: SUN_STANDARD

Environment Variables:
PATH=/usr/local/sbin:/usr/local/bin:/usr/sbin:/usr/bin:/sbin:/bin:/usr/games:/usr/local/games
SHELL=/bin/bash
DISPLAY=:0

Signal Handlers:
SIGSEGV: [libjvm.so+0x9495e0], sa_mask[0]=0x7ffbfeff, sa_flags=0x10000004
SIGBUS: [libjvm.so+0x9495e0], sa_mask[0]=0x7ffbfeff, sa_flags=0x10000004
SIGFPE: [libjvm.so+0x7c3410], sa_mask[0]=0x7ffbfeff, sa_flags=0x10000004
SIGPIPE: [libjvm.so+0x7c3410], sa_mask[0]=0x7ffbfeff, sa_flags=0x10000004
SIGXFSZ: [libjvm.so+0x7c3410], sa_mask[0]=0x7ffbfeff, sa_flags=0x10000004
SIGILL: [libjvm.so+0x7c3410], sa_mask[0]=0x7ffbfeff, sa_flags=0x10000004
SIGUSR1: SIG_DFL, sa_mask[0]=0x00000000, sa_flags=0x00000000
SIGUSR2: [libjvm.so+0x7c32b0], sa_mask[0]=0x00000004, sa_flags=0x10000004
SIGHUP: SIG_DFL, sa_mask[0]=0x00000000, sa_flags=0x00000000
SIGINT: SIG_DFL, sa_mask[0]=0x00000000, sa_flags=0x00000000
SIGTERM: SIG_DFL, sa_mask[0]=0x00000000, sa_flags=0x00000000
SIGQUIT: SIG_DFL, sa_mask[0]=0x00000000, sa_flags=0x00000000
SIGTRAP: SIG_DFL, sa_mask[0]=0x00000000, sa_flags=0x00000000


---------------  S Y S T E M  ---------------

OS:Ubuntu 14.04 (trusty)
uname:Linux 3.13.0-39-generic #66-Ubuntu SMP Tue Oct 28 13:30:27 UTC 2014 x86_64
libc:glibc 2.19 NPTL 2.19 
rlimit: STACK 8192k, CORE 0k, NPROC 43343, NOFILE 4096, AS infinity
load average:0.52 0.57 0.60

/proc/meminfo:
MemTotal:        5569536 kB
MemFree:          112312 kB
Buffers:         1560896 kB
Cached:          2209252 kB
SwapCached:            0 kB
Active:          2407524 kB
Inactive:        2687568 kB
Active(anon):     881116 kB
Inactive(anon):   787644 kB
Active(file):    1526408 kB
Inactive(file):  1899924 kB
Unevictable:        1376 kB
Mlocked:              32 kB
SwapTotal:        262140 kB
SwapFree:         262140 kB
Dirty:               588 kB
Writeback:            20 kB
AnonPages:       1327324 kB
Mapped:           292788 kB
Shmem:            341696 kB
Slab:             248368 kB
SReclaimable:     212672 kB
SUnreclaim:        35696 kB
KernelStack:        4480 kB
PageTables:        37476 kB
NFS_Unstable:          0 kB
Bounce:                0 kB
WritebackTmp:          0 kB
CommitLimit:     3046908 kB
Committed_AS:    5559272 kB
VmallocTotal:   34359738367 kB
VmallocUsed:      354516 kB
VmallocChunk:   34359373788 kB
HardwareCorrupted:     0 kB
AnonHugePages:    339968 kB
HugePages_Total:       0
HugePages_Free:        0
HugePages_Rsvd:        0
HugePages_Surp:        0
Hugepagesize:       2048 kB
DirectMap4k:       82200 kB
DirectMap2M:     5793792 kB


CPU:total 4 (2 cores per cpu, 2 threads per core) family 6 model 58 stepping 9, cmov, cx8, fxsr, mmx, sse, sse2, sse3, ssse3, sse4.1, sse4.2, popcnt, avx, aes, erms, ht, tsc, tscinvbit, tscinv

/proc/cpuinfo:
processor	: 0
vendor_id	: GenuineIntel
cpu family	: 6
model		: 58
model name	: Intel(R) Core(TM) i5-3210M CPU @ 2.50GHz
stepping	: 9
microcode	: 0x12
cpu MHz		: 1200.000
cache size	: 3072 KB
physical id	: 0
siblings	: 4
core id		: 0
cpu cores	: 2
apicid		: 0
initial apicid	: 0
fpu		: yes
fpu_exception	: yes
cpuid level	: 13
wp		: yes
flags		: fpu vme de pse tsc msr pae mce cx8 apic sep mtrr pge mca cmov pat pse36 clflush dts acpi mmx fxsr sse sse2 ss ht tm pbe syscall nx rdtscp lm constant_tsc arch_perfmon pebs bts rep_good nopl xtopology nonstop_tsc aperfmperf eagerfpu pni pclmulqdq dtes64 monitor ds_cpl vmx est tm2 ssse3 cx16 xtpr pdcm pcid sse4_1 sse4_2 x2apic popcnt tsc_deadline_timer aes xsave avx f16c rdrand lahf_lm ida arat epb xsaveopt pln pts dtherm tpr_shadow vnmi flexpriority ept vpid fsgsbase smep erms
bogomips	: 4988.18
clflush size	: 64
cache_alignment	: 64
address sizes	: 36 bits physical, 48 bits virtual
power management:

processor	: 1
vendor_id	: GenuineIntel
cpu family	: 6
model		: 58
model name	: Intel(R) Core(TM) i5-3210M CPU @ 2.50GHz
stepping	: 9
microcode	: 0x12
cpu MHz		: 2501.000
cache size	: 3072 KB
physical id	: 0
siblings	: 4
core id		: 0
cpu cores	: 2
apicid		: 1
initial apicid	: 1
fpu		: yes
fpu_exception	: yes
cpuid level	: 13
wp		: yes
flags		: fpu vme de pse tsc msr pae mce cx8 apic sep mtrr pge mca cmov pat pse36 clflush dts acpi mmx fxsr sse sse2 ss ht tm pbe syscall nx rdtscp lm constant_tsc arch_perfmon pebs bts rep_good nopl xtopology nonstop_tsc aperfmperf eagerfpu pni pclmulqdq dtes64 monitor ds_cpl vmx est tm2 ssse3 cx16 xtpr pdcm pcid sse4_1 sse4_2 x2apic popcnt tsc_deadline_timer aes xsave avx f16c rdrand lahf_lm ida arat epb xsaveopt pln pts dtherm tpr_shadow vnmi flexpriority ept vpid fsgsbase smep erms
bogomips	: 4988.18
clflush size	: 64
cache_alignment	: 64
address sizes	: 36 bits physical, 48 bits virtual
power management:

processor	: 2
vendor_id	: GenuineIntel
cpu family	: 6
model		: 58
model name	: Intel(R) Core(TM) i5-3210M CPU @ 2.50GHz
stepping	: 9
microcode	: 0x12
cpu MHz		: 2501.000
cache size	: 3072 KB
physical id	: 0
siblings	: 4
core id		: 1
cpu cores	: 2
apicid		: 2
initial apicid	: 2
fpu		: yes
fpu_exception	: yes
cpuid level	: 13
wp		: yes
flags		: fpu vme de pse tsc msr pae mce cx8 apic sep mtrr pge mca cmov pat pse36 clflush dts acpi mmx fxsr sse sse2 ss ht tm pbe syscall nx rdtscp lm constant_tsc arch_perfmon pebs bts rep_good nopl xtopology nonstop_tsc aperfmperf eagerfpu pni pclmulqdq dtes64 monitor ds_cpl vmx est tm2 ssse3 cx16 xtpr pdcm pcid sse4_1 sse4_2 x2apic popcnt tsc_deadline_timer aes xsave avx f16c rdrand lahf_lm ida arat epb xsaveopt pln pts dtherm tpr_shadow vnmi flexpriority ept vpid fsgsbase smep erms
bogomips	: 4988.18
clflush size	: 64
cache_alignment	: 64
address sizes	: 36 bits physical, 48 bits virtual
power management:

processor	: 3
vendor_id	: GenuineIntel
cpu family	: 6
model		: 58
model name	: Intel(R) Core(TM) i5-3210M CPU @ 2.50GHz
stepping	: 9
microcode	: 0x12
cpu MHz		: 2501.000
cache size	: 3072 KB
physical id	: 0
siblings	: 4
core id		: 1
cpu cores	: 2
apicid		: 3
initial apicid	: 3
fpu		: yes
fpu_exception	: yes
cpuid level	: 13
wp		: yes
flags		: fpu vme de pse tsc msr pae mce cx8 apic sep mtrr pge mca cmov pat pse36 clflush dts acpi mmx fxsr sse sse2 ss ht tm pbe syscall nx rdtscp lm constant_tsc arch_perfmon pebs bts rep_good nopl xtopology nonstop_tsc aperfmperf eagerfpu pni pclmulqdq dtes64 monitor ds_cpl vmx est tm2 ssse3 cx16 xtpr pdcm pcid sse4_1 sse4_2 x2apic popcnt tsc_deadline_timer aes xsave avx f16c rdrand lahf_lm ida arat epb xsaveopt pln pts dtherm tpr_shadow vnmi flexpriority ept vpid fsgsbase smep erms
bogomips	: 4988.18
clflush size	: 64
cache_alignment	: 64
address sizes	: 36 bits physical, 48 bits virtual
power management:



Memory: 4k page, physical 5569536k(112312k free), swap 262140k(262140k free)

vm_info: OpenJDK 64-Bit Server VM (24.65-b04) for linux-amd64 JRE (1.7.0_65-b32), built on Oct 22 2014 04:37:44 by "buildd" with gcc 4.8.2

time: Tue Jan  6 12:29:44 2015
elapsed time: 0 seconds

