#
# A fatal error has been detected by the Java Runtime Environment:
#
#  Internal Error (javaClasses.cpp:139), pid=6492, tid=139809867192064
#  fatal error: Invalid layout of preloaded class
#
# JRE version:  (7.0_65-b32) (build )
# Java VM: OpenJDK 64-Bit Server VM (24.65-b04 mixed mode linux-amd64 compressed oops)
# Derivative: IcedTea 2.5.3
# Distribution: Ubuntu 14.04 LTS, package 7u71-2.5.3-0ubuntu0.14.04.1
# Failed to write core dump. Core dumps have been disabled. To enable core dumping, try "ulimit -c unlimited" before starting Java again
#
# If you would like to submit a bug report, please include
# instructions on how to reproduce the bug and visit:
#   http://icedtea.classpath.org/bugzilla
#

---------------  T H R E A D  ---------------

Current thread (0x00007f27fc00a000):  JavaThread "Unknown thread" [_thread_in_vm, id=6495, stack(0x00007f2805685000,0x00007f2805786000)]

Stack: [0x00007f2805685000,0x00007f2805786000],  sp=0x00007f2805784900,  free space=1022k
Native frames: (J=compiled Java code, j=interpreted, Vv=VM code, C=native code)
V  [libjvm.so+0x948b05]  VMError::report_and_die()+0x175
V  [libjvm.so+0x48bba4]  report_fatal(char const*, int, char const*)+0x54
V  [libjvm.so+0x5e8ce0]  compute_offset(int&, klassOopDesc*, Symbol*, Symbol*, bool) [clone .constprop.120]+0xc0
V  [libjvm.so+0x5e8db6]  java_lang_String::compute_offsets()+0x36
V  [libjvm.so+0x8ce6ec]  SystemDictionary::initialize_preloaded_classes(Thread*)+0xcc
V  [libjvm.so+0x919fd8]  Universe::genesis(Thread*)+0x468
V  [libjvm.so+0x91a5e4]  universe2_init()+0x24
V  [libjvm.so+0x59d29a]  init_globals()+0x9a
V  [libjvm.so+0x8fd3bf]  Threads::create_vm(JavaVMInitArgs*, bool*)+0x35f
V  [libjvm.so+0x6085d4]  JNI_CreateJavaVM+0x54
C  [libjli.so+0x2b48]


---------------  P R O C E S S  ---------------

Java Threads: ( => current thread )

Other Threads:

=>0x00007f27fc00a000 (exited) JavaThread "Unknown thread" [_thread_in_vm, id=6495, stack(0x00007f2805685000,0x00007f2805786000)]

VM state:not at safepoint (not fully initialized)

VM Mutex/Monitor currently owned by a thread: None

GC Heap History (0 events):
No events

Deoptimization events (0 events):
No events

Internal exceptions (0 events):
No events

Events (10 events):
Event: 0.009 loading class 0x00007f280161d6f0 done
Event: 0.009 loading class 0x00007f280161d110 done
Event: 0.009 loading class 0x00007f280161d0f0
Event: 0.009 loading class 0x00007f28016251c0
Event: 0.009 loading class 0x00007f28016251c0 done
Event: 0.009 loading class 0x00007f28016251f0
Event: 0.009 loading class 0x00007f28016251f0 done
Event: 0.009 loading class 0x00007f2801625220
Event: 0.009 loading class 0x00007f2801625220 done
Event: 0.009 loading class 0x00007f280161d0f0 done


Dynamic libraries:
00400000-00401000 r-xp 00000000 07:00 557255                             /usr/lib/jvm/java-7-openjdk-amd64/jre/bin/java
00600000-00601000 r--p 00000000 07:00 557255                             /usr/lib/jvm/java-7-openjdk-amd64/jre/bin/java
00601000-00602000 rw-p 00001000 07:00 557255                             /usr/lib/jvm/java-7-openjdk-amd64/jre/bin/java
01485000-014a6000 rw-p 00000000 00:00 0                                  [heap]
a0a00000-a1f00000 rw-p 00000000 00:00 0 
a1f00000-ab000000 rw-p 00000000 00:00 0 
ab000000-ae880000 rw-p 00000000 00:00 0 
ae880000-e3a80000 rw-p 00000000 00:00 0 
e3a80000-e5700000 rw-p 00000000 00:00 0 
e5700000-100000000 rw-p 00000000 00:00 0 
7f27e4000000-7f27e4021000 rw-p 00000000 00:00 0 
7f27e4021000-7f27e8000000 ---p 00000000 00:00 0 
7f27e9050000-7f27ec000000 rw-p 00000000 00:00 0 
7f27ec000000-7f27ec021000 rw-p 00000000 00:00 0 
7f27ec021000-7f27f0000000 ---p 00000000 00:00 0 
7f27f0000000-7f27f0021000 rw-p 00000000 00:00 0 
7f27f0021000-7f27f4000000 ---p 00000000 00:00 0 
7f27f4000000-7f27f4021000 rw-p 00000000 00:00 0 
7f27f4021000-7f27f8000000 ---p 00000000 00:00 0 
7f27f9000000-7f27f9270000 rwxp 00000000 00:00 0 
7f27f9270000-7f27fc057000 rw-p 00000000 00:00 0 
7f27fc057000-7f2800000000 ---p 00000000 00:00 0 
7f280124c000-7f28014b1000 rw-p 00000000 00:00 0 
7f28014b1000-7f28015a7000 r--s 017aa000 07:00 1782786                    /home/bx/android-sdk-linux/platforms/android-21/android.jar
7f28015a7000-7f28019b9000 rw-p 00000000 00:00 0 
7f28019b9000-7f28019ba000 ---p 00000000 00:00 0 
7f28019ba000-7f2801aba000 rw-p 00000000 00:00 0                          [stack:6501]
7f2801aba000-7f2801abb000 ---p 00000000 00:00 0 
7f2801abb000-7f2801bbb000 rw-p 00000000 00:00 0                          [stack:6500]
7f2801bbb000-7f2801bbc000 ---p 00000000 00:00 0 
7f2801bbc000-7f2801cbc000 rw-p 00000000 00:00 0                          [stack:6499]
7f2801cbc000-7f2801cbd000 ---p 00000000 00:00 0 
7f2801cbd000-7f2801dc8000 rw-p 00000000 00:00 0                          [stack:6498]
7f2801dc8000-7f2801e10000 rw-p 00000000 00:00 0 
7f2801e10000-7f2801e2d000 rw-p 00000000 00:00 0 
7f2801e2d000-7f2801fd6000 rw-p 00000000 00:00 0 
7f2801fd6000-7f2801fe1000 rw-p 00000000 00:00 0 
7f2801fe1000-7f2802029000 rw-p 00000000 00:00 0 
7f2802029000-7f2802046000 rw-p 00000000 00:00 0 
7f2802046000-7f28021ee000 rw-p 00000000 00:00 0 
7f28021ee000-7f28021fd000 rw-p 00000000 00:00 0 
7f28021fd000-7f28022d1000 rw-p 00000000 00:00 0 
7f28022d1000-7f28022d2000 rw-p 00000000 00:00 0 
7f28022d2000-7f28022da000 r-xp 00000000 07:00 557127                     /usr/lib/jvm/java-7-openjdk-amd64/jre/lib/amd64/libzip.so
7f28022da000-7f28024d9000 ---p 00008000 07:00 557127                     /usr/lib/jvm/java-7-openjdk-amd64/jre/lib/amd64/libzip.so
7f28024d9000-7f28024da000 r--p 00007000 07:00 557127                     /usr/lib/jvm/java-7-openjdk-amd64/jre/lib/amd64/libzip.so
7f28024da000-7f28024db000 rw-p 00008000 07:00 557127                     /usr/lib/jvm/java-7-openjdk-amd64/jre/lib/amd64/libzip.so
7f28024db000-7f28024e6000 r-xp 00000000 07:00 205964                     /lib/x86_64-linux-gnu/libnss_files-2.19.so
7f28024e6000-7f28026e5000 ---p 0000b000 07:00 205964                     /lib/x86_64-linux-gnu/libnss_files-2.19.so
7f28026e5000-7f28026e6000 r--p 0000a000 07:00 205964                     /lib/x86_64-linux-gnu/libnss_files-2.19.so
7f28026e6000-7f28026e7000 rw-p 0000b000 07:00 205964                     /lib/x86_64-linux-gnu/libnss_files-2.19.so
7f28026e7000-7f28026f2000 r-xp 00000000 07:00 205982                     /lib/x86_64-linux-gnu/libnss_nis-2.19.so
7f28026f2000-7f28028f1000 ---p 0000b000 07:00 205982                     /lib/x86_64-linux-gnu/libnss_nis-2.19.so
7f28028f1000-7f28028f2000 r--p 0000a000 07:00 205982                     /lib/x86_64-linux-gnu/libnss_nis-2.19.so
7f28028f2000-7f28028f3000 rw-p 0000b000 07:00 205982                     /lib/x86_64-linux-gnu/libnss_nis-2.19.so
7f28028f3000-7f280290a000 r-xp 00000000 07:00 205926                     /lib/x86_64-linux-gnu/libnsl-2.19.so
7f280290a000-7f2802b09000 ---p 00017000 07:00 205926                     /lib/x86_64-linux-gnu/libnsl-2.19.so
7f2802b09000-7f2802b0a000 r--p 00016000 07:00 205926                     /lib/x86_64-linux-gnu/libnsl-2.19.so
7f2802b0a000-7f2802b0b000 rw-p 00017000 07:00 205926                     /lib/x86_64-linux-gnu/libnsl-2.19.so
7f2802b0b000-7f2802b0d000 rw-p 00000000 00:00 0 
7f2802b0d000-7f2802b16000 r-xp 00000000 07:00 205976                     /lib/x86_64-linux-gnu/libnss_compat-2.19.so
7f2802b16000-7f2802d15000 ---p 00009000 07:00 205976                     /lib/x86_64-linux-gnu/libnss_compat-2.19.so
7f2802d15000-7f2802d16000 r--p 00008000 07:00 205976                     /lib/x86_64-linux-gnu/libnss_compat-2.19.so
7f2802d16000-7f2802d17000 rw-p 00009000 07:00 205976                     /lib/x86_64-linux-gnu/libnss_compat-2.19.so
7f2802d17000-7f2802d42000 r-xp 00000000 07:00 557166                     /usr/lib/jvm/java-7-openjdk-amd64/jre/lib/amd64/libjava.so
7f2802d42000-7f2802f41000 ---p 0002b000 07:00 557166                     /usr/lib/jvm/java-7-openjdk-amd64/jre/lib/amd64/libjava.so
7f2802f41000-7f2802f42000 r--p 0002a000 07:00 557166                     /usr/lib/jvm/java-7-openjdk-amd64/jre/lib/amd64/libjava.so
7f2802f42000-7f2802f44000 rw-p 0002b000 07:00 557166                     /usr/lib/jvm/java-7-openjdk-amd64/jre/lib/amd64/libjava.so
7f2802f44000-7f2802f54000 r-xp 00000000 07:00 557181                     /usr/lib/jvm/java-7-openjdk-amd64/jre/lib/amd64/libverify.so
7f2802f54000-7f2803153000 ---p 00010000 07:00 557181                     /usr/lib/jvm/java-7-openjdk-amd64/jre/lib/amd64/libverify.so
7f2803153000-7f2803155000 r--p 0000f000 07:00 557181                     /usr/lib/jvm/java-7-openjdk-amd64/jre/lib/amd64/libverify.so
7f2803155000-7f2803156000 rw-p 00011000 07:00 557181                     /usr/lib/jvm/java-7-openjdk-amd64/jre/lib/amd64/libverify.so
7f2803156000-7f280315d000 r-xp 00000000 07:00 205991                     /lib/x86_64-linux-gnu/librt-2.19.so
7f280315d000-7f280335c000 ---p 00007000 07:00 205991                     /lib/x86_64-linux-gnu/librt-2.19.so
7f280335c000-7f280335d000 r--p 00006000 07:00 205991                     /lib/x86_64-linux-gnu/librt-2.19.so
7f280335d000-7f280335e000 rw-p 00007000 07:00 205991                     /lib/x86_64-linux-gnu/librt-2.19.so
7f280335e000-7f2803374000 r-xp 00000000 07:00 2144301                    /lib/x86_64-linux-gnu/libgcc_s.so.1
7f2803374000-7f2803573000 ---p 00016000 07:00 2144301                    /lib/x86_64-linux-gnu/libgcc_s.so.1
7f2803573000-7f2803574000 rw-p 00015000 07:00 2144301                    /lib/x86_64-linux-gnu/libgcc_s.so.1
7f2803574000-7f2803679000 r-xp 00000000 07:00 205923                     /lib/x86_64-linux-gnu/libm-2.19.so
7f2803679000-7f2803878000 ---p 00105000 07:00 205923                     /lib/x86_64-linux-gnu/libm-2.19.so
7f2803878000-7f2803879000 r--p 00104000 07:00 205923                     /lib/x86_64-linux-gnu/libm-2.19.so
7f2803879000-7f280387a000 rw-p 00105000 07:00 205923                     /lib/x86_64-linux-gnu/libm-2.19.so
7f280387a000-7f2803960000 r-xp 00000000 07:00 197133                     /usr/lib/x86_64-linux-gnu/libstdc++.so.6.0.19
7f2803960000-7f2803b5f000 ---p 000e6000 07:00 197133                     /usr/lib/x86_64-linux-gnu/libstdc++.so.6.0.19
7f2803b5f000-7f2803b67000 r--p 000e5000 07:00 197133                     /usr/lib/x86_64-linux-gnu/libstdc++.so.6.0.19
7f2803b67000-7f2803b69000 rw-p 000ed000 07:00 197133                     /usr/lib/x86_64-linux-gnu/libstdc++.so.6.0.19
7f2803b69000-7f2803b7e000 rw-p 00000000 00:00 0 
7f2803b7e000-7f2804694000 r-xp 00000000 07:00 557188                     /usr/lib/jvm/java-7-openjdk-amd64/jre/lib/amd64/server/libjvm.so
7f2804694000-7f2804893000 ---p 00b16000 07:00 557188                     /usr/lib/jvm/java-7-openjdk-amd64/jre/lib/amd64/server/libjvm.so
7f2804893000-7f280492d000 r--p 00b15000 07:00 557188                     /usr/lib/jvm/java-7-openjdk-amd64/jre/lib/amd64/server/libjvm.so
7f280492d000-7f2804950000 rw-p 00baf000 07:00 557188                     /usr/lib/jvm/java-7-openjdk-amd64/jre/lib/amd64/server/libjvm.so
7f2804950000-7f280497e000 rw-p 00000000 00:00 0 
7f280497e000-7f2804996000 r-xp 00000000 07:00 2144299                    /lib/x86_64-linux-gnu/libz.so.1.2.8
7f2804996000-7f2804b95000 ---p 00018000 07:00 2144299                    /lib/x86_64-linux-gnu/libz.so.1.2.8
7f2804b95000-7f2804b96000 r--p 00017000 07:00 2144299                    /lib/x86_64-linux-gnu/libz.so.1.2.8
7f2804b96000-7f2804b97000 rw-p 00018000 07:00 2144299                    /lib/x86_64-linux-gnu/libz.so.1.2.8
7f2804b97000-7f2804bb0000 r-xp 00000000 07:00 205955                     /lib/x86_64-linux-gnu/libpthread-2.19.so
7f2804bb0000-7f2804daf000 ---p 00019000 07:00 205955                     /lib/x86_64-linux-gnu/libpthread-2.19.so
7f2804daf000-7f2804db0000 r--p 00018000 07:00 205955                     /lib/x86_64-linux-gnu/libpthread-2.19.so
7f2804db0000-7f2804db1000 rw-p 00019000 07:00 205955                     /lib/x86_64-linux-gnu/libpthread-2.19.so
7f2804db1000-7f2804db5000 rw-p 00000000 00:00 0 
7f2804db5000-7f2804db8000 r-xp 00000000 07:00 205969                     /lib/x86_64-linux-gnu/libdl-2.19.so
7f2804db8000-7f2804fb7000 ---p 00003000 07:00 205969                     /lib/x86_64-linux-gnu/libdl-2.19.so
7f2804fb7000-7f2804fb8000 r--p 00002000 07:00 205969                     /lib/x86_64-linux-gnu/libdl-2.19.so
7f2804fb8000-7f2804fb9000 rw-p 00003000 07:00 205969                     /lib/x86_64-linux-gnu/libdl-2.19.so
7f2804fb9000-7f2805174000 r-xp 00000000 07:00 205983                     /lib/x86_64-linux-gnu/libc-2.19.so
7f2805174000-7f2805374000 ---p 001bb000 07:00 205983                     /lib/x86_64-linux-gnu/libc-2.19.so
7f2805374000-7f2805378000 r--p 001bb000 07:00 205983                     /lib/x86_64-linux-gnu/libc-2.19.so
7f2805378000-7f280537a000 rw-p 001bf000 07:00 205983                     /lib/x86_64-linux-gnu/libc-2.19.so
7f280537a000-7f280537f000 rw-p 00000000 00:00 0 
7f280537f000-7f280538c000 r-xp 00000000 07:00 557163                     /usr/lib/jvm/java-7-openjdk-amd64/jre/lib/amd64/jli/libjli.so
7f280538c000-7f280558b000 ---p 0000d000 07:00 557163                     /usr/lib/jvm/java-7-openjdk-amd64/jre/lib/amd64/jli/libjli.so
7f280558b000-7f280558c000 r--p 0000c000 07:00 557163                     /usr/lib/jvm/java-7-openjdk-amd64/jre/lib/amd64/jli/libjli.so
7f280558c000-7f280558d000 rw-p 0000d000 07:00 557163                     /usr/lib/jvm/java-7-openjdk-amd64/jre/lib/amd64/jli/libjli.so
7f280558d000-7f28055b0000 r-xp 00000000 07:00 205977                     /lib/x86_64-linux-gnu/ld-2.19.so
7f28055c5000-7f28055cf000 rw-p 00000000 00:00 0 
7f28055cf000-7f2805685000 rw-p 00000000 00:00 0 
7f2805685000-7f2805688000 ---p 00000000 00:00 0 
7f2805688000-7f280578b000 rw-p 00000000 00:00 0                          [stack:6495]
7f28057a1000-7f28057a3000 rw-p 00000000 00:00 0 
7f28057a3000-7f28057ab000 rw-s 00000000 07:00 175145                     /tmp/hsperfdata_bx/6492
7f28057ab000-7f28057ac000 rw-p 00000000 00:00 0 
7f28057ac000-7f28057ad000 r--p 00000000 00:00 0 
7f28057ad000-7f28057af000 rw-p 00000000 00:00 0 
7f28057af000-7f28057b0000 r--p 00022000 07:00 205977                     /lib/x86_64-linux-gnu/ld-2.19.so
7f28057b0000-7f28057b1000 rw-p 00023000 07:00 205977                     /lib/x86_64-linux-gnu/ld-2.19.so
7f28057b1000-7f28057b2000 rw-p 00000000 00:00 0 
7fff90591000-7fff905b2000 rw-p 00000000 00:00 0                          [stack]
7fff905fe000-7fff90600000 r-xp 00000000 00:00 0                          [vdso]
ffffffffff600000-ffffffffff601000 r-xp 00000000 00:00 0                  [vsyscall]

VM Arguments:
jvm_args: -Dfile.encoding=UTF-8 -Xbootclasspath:/home/bx/android-sdk-linux/platforms/android-21/android.jar:/home/bx/android-sdk-linux/add-ons/addon-google_apis-google-21/libs/effects.jar:/home/bx/android-sdk-linux/add-ons/addon-google_apis-google-21/libs/usb.jar:/home/bx/android-sdk-linux/add-ons/addon-google_apis-google-21/libs/maps.jar 
java_command: edu.nd.darts.cimon.database.DataCommunicator
Launcher Type: SUN_STANDARD

Environment Variables:
PATH=/usr/local/sbin:/usr/local/bin:/usr/sbin:/usr/bin:/sbin:/bin:/usr/games:/usr/local/games
SHELL=/bin/bash
DISPLAY=:0

Signal Handlers:
SIGSEGV: [libjvm.so+0x9495e0], sa_mask[0]=0x7ffbfeff, sa_flags=0x10000004
SIGBUS: [libjvm.so+0x9495e0], sa_mask[0]=0x7ffbfeff, sa_flags=0x10000004
SIGFPE: [libjvm.so+0x7c3410], sa_mask[0]=0x7ffbfeff, sa_flags=0x10000004
SIGPIPE: [libjvm.so+0x7c3410], sa_mask[0]=0x7ffbfeff, sa_flags=0x10000004
SIGXFSZ: [libjvm.so+0x7c3410], sa_mask[0]=0x7ffbfeff, sa_flags=0x10000004
SIGILL: [libjvm.so+0x7c3410], sa_mask[0]=0x7ffbfeff, sa_flags=0x10000004
SIGUSR1: SIG_DFL, sa_mask[0]=0x00000000, sa_flags=0x00000000
SIGUSR2: [libjvm.so+0x7c32b0], sa_mask[0]=0x00000004, sa_flags=0x10000004
SIGHUP: SIG_DFL, sa_mask[0]=0x00000000, sa_flags=0x00000000
SIGINT: SIG_DFL, sa_mask[0]=0x00000000, sa_flags=0x00000000
SIGTERM: SIG_DFL, sa_mask[0]=0x00000000, sa_flags=0x00000000
SIGQUIT: SIG_DFL, sa_mask[0]=0x00000000, sa_flags=0x00000000
SIGTRAP: SIG_DFL, sa_mask[0]=0x00000000, sa_flags=0x00000000


---------------  S Y S T E M  ---------------

OS:Ubuntu 14.04 (trusty)
uname:Linux 3.13.0-39-generic #66-Ubuntu SMP Tue Oct 28 13:30:27 UTC 2014 x86_64
libc:glibc 2.19 NPTL 2.19 
rlimit: STACK 8192k, CORE 0k, NPROC 43343, NOFILE 4096, AS infinity
load average:1.22 0.73 0.65

/proc/meminfo:
MemTotal:        5569536 kB
MemFree:          113172 kB
Buffers:         1556236 kB
Cached:          2188836 kB
SwapCached:            0 kB
Active:          2421800 kB
Inactive:        2669032 kB
Active(anon):     883260 kB
Inactive(anon):   806468 kB
Active(file):    1538540 kB
Inactive(file):  1862564 kB
Unevictable:        1376 kB
Mlocked:              32 kB
SwapTotal:        262140 kB
SwapFree:         262140 kB
Dirty:               164 kB
Writeback:             0 kB
AnonPages:       1347212 kB
Mapped:           298812 kB
Shmem:            342572 kB
Slab:             249960 kB
SReclaimable:     214196 kB
SUnreclaim:        35764 kB
KernelStack:        4520 kB
PageTables:        38008 kB
NFS_Unstable:          0 kB
Bounce:                0 kB
WritebackTmp:          0 kB
CommitLimit:     3046908 kB
Committed_AS:    5601168 kB
VmallocTotal:   34359738367 kB
VmallocUsed:      354548 kB
VmallocChunk:   34359373788 kB
HardwareCorrupted:     0 kB
AnonHugePages:    339968 kB
HugePages_Total:       0
HugePages_Free:        0
HugePages_Rsvd:        0
HugePages_Surp:        0
Hugepagesize:       2048 kB
DirectMap4k:       82200 kB
DirectMap2M:     5793792 kB


CPU:total 4 (2 cores per cpu, 2 threads per core) family 6 model 58 stepping 9, cmov, cx8, fxsr, mmx, sse, sse2, sse3, ssse3, sse4.1, sse4.2, popcnt, avx, aes, erms, ht, tsc, tscinvbit, tscinv

/proc/cpuinfo:
processor	: 0
vendor_id	: GenuineIntel
cpu family	: 6
model		: 58
model name	: Intel(R) Core(TM) i5-3210M CPU @ 2.50GHz
stepping	: 9
microcode	: 0x12
cpu MHz		: 2400.000
cache size	: 3072 KB
physical id	: 0
siblings	: 4
core id		: 0
cpu cores	: 2
apicid		: 0
initial apicid	: 0
fpu		: yes
fpu_exception	: yes
cpuid level	: 13
wp		: yes
flags		: fpu vme de pse tsc msr pae mce cx8 apic sep mtrr pge mca cmov pat pse36 clflush dts acpi mmx fxsr sse sse2 ss ht tm pbe syscall nx rdtscp lm constant_tsc arch_perfmon pebs bts rep_good nopl xtopology nonstop_tsc aperfmperf eagerfpu pni pclmulqdq dtes64 monitor ds_cpl vmx est tm2 ssse3 cx16 xtpr pdcm pcid sse4_1 sse4_2 x2apic popcnt tsc_deadline_timer aes xsave avx f16c rdrand lahf_lm ida arat epb xsaveopt pln pts dtherm tpr_shadow vnmi flexpriority ept vpid fsgsbase smep erms
bogomips	: 4988.18
clflush size	: 64
cache_alignment	: 64
address sizes	: 36 bits physical, 48 bits virtual
power management:

processor	: 1
vendor_id	: GenuineIntel
cpu family	: 6
model		: 58
model name	: Intel(R) Core(TM) i5-3210M CPU @ 2.50GHz
stepping	: 9
microcode	: 0x12
cpu MHz		: 1200.000
cache size	: 3072 KB
physical id	: 0
siblings	: 4
core id		: 0
cpu cores	: 2
apicid		: 1
initial apicid	: 1
fpu		: yes
fpu_exception	: yes
cpuid level	: 13
wp		: yes
flags		: fpu vme de pse tsc msr pae mce cx8 apic sep mtrr pge mca cmov pat pse36 clflush dts acpi mmx fxsr sse sse2 ss ht tm pbe syscall nx rdtscp lm constant_tsc arch_perfmon pebs bts rep_good nopl xtopology nonstop_tsc aperfmperf eagerfpu pni pclmulqdq dtes64 monitor ds_cpl vmx est tm2 ssse3 cx16 xtpr pdcm pcid sse4_1 sse4_2 x2apic popcnt tsc_deadline_timer aes xsave avx f16c rdrand lahf_lm ida arat epb xsaveopt pln pts dtherm tpr_shadow vnmi flexpriority ept vpid fsgsbase smep erms
bogomips	: 4988.18
clflush size	: 64
cache_alignment	: 64
address sizes	: 36 bits physical, 48 bits virtual
power management:

processor	: 2
vendor_id	: GenuineIntel
cpu family	: 6
model		: 58
model name	: Intel(R) Core(TM) i5-3210M CPU @ 2.50GHz
stepping	: 9
microcode	: 0x12
cpu MHz		: 2400.000
cache size	: 3072 KB
physical id	: 0
siblings	: 4
core id		: 1
cpu cores	: 2
apicid		: 2
initial apicid	: 2
fpu		: yes
fpu_exception	: yes
cpuid level	: 13
wp		: yes
flags		: fpu vme de pse tsc msr pae mce cx8 apic sep mtrr pge mca cmov pat pse36 clflush dts acpi mmx fxsr sse sse2 ss ht tm pbe syscall nx rdtscp lm constant_tsc arch_perfmon pebs bts rep_good nopl xtopology nonstop_tsc aperfmperf eagerfpu pni pclmulqdq dtes64 monitor ds_cpl vmx est tm2 ssse3 cx16 xtpr pdcm pcid sse4_1 sse4_2 x2apic popcnt tsc_deadline_timer aes xsave avx f16c rdrand lahf_lm ida arat epb xsaveopt pln pts dtherm tpr_shadow vnmi flexpriority ept vpid fsgsbase smep erms
bogomips	: 4988.18
clflush size	: 64
cache_alignment	: 64
address sizes	: 36 bits physical, 48 bits virtual
power management:

processor	: 3
vendor_id	: GenuineIntel
cpu family	: 6
model		: 58
model name	: Intel(R) Core(TM) i5-3210M CPU @ 2.50GHz
stepping	: 9
microcode	: 0x12
cpu MHz		: 2400.000
cache size	: 3072 KB
physical id	: 0
siblings	: 4
core id		: 1
cpu cores	: 2
apicid		: 3
initial apicid	: 3
fpu		: yes
fpu_exception	: yes
cpuid level	: 13
wp		: yes
flags		: fpu vme de pse tsc msr pae mce cx8 apic sep mtrr pge mca cmov pat pse36 clflush dts acpi mmx fxsr sse sse2 ss ht tm pbe syscall nx rdtscp lm constant_tsc arch_perfmon pebs bts rep_good nopl xtopology nonstop_tsc aperfmperf eagerfpu pni pclmulqdq dtes64 monitor ds_cpl vmx est tm2 ssse3 cx16 xtpr pdcm pcid sse4_1 sse4_2 x2apic popcnt tsc_deadline_timer aes xsave avx f16c rdrand lahf_lm ida arat epb xsaveopt pln pts dtherm tpr_shadow vnmi flexpriority ept vpid fsgsbase smep erms
bogomips	: 4988.18
clflush size	: 64
cache_alignment	: 64
address sizes	: 36 bits physical, 48 bits virtual
power management:



Memory: 4k page, physical 5569536k(113172k free), swap 262140k(262140k free)

vm_info: OpenJDK 64-Bit Server VM (24.65-b04) for linux-amd64 JRE (1.7.0_65-b32), built on Oct 22 2014 04:37:44 by "buildd" with gcc 4.8.2

time: Tue Jan  6 12:30:05 2015
elapsed time: 0 seconds

